app/build/intermediates/manifest_merge_blame_file/debug/manifest-merger-blame-debug-report.txt
1<?xml version="1.0" encoding="utf-8"?>
2<manifest xmlns:android="http://schemas.android.com/apk/res/android"
3    package="com.robert.mildlysecurenotepadfp"
4    android:versionCode="1"
5    android:versionName="1.0" >
6
7    <uses-sdk
8        android:minSdkVersion="29"
8-->src\main\AndroidManifest.xml
9        android:targetSdkVersion="30" />
9-->src\main\AndroidManifest.xml
10
11    <uses-permission android:name="android.permission.USE_BIOMETRIC" />
11-->src\main\AndroidManifest.xml:4:5-72
11-->src\main\AndroidManifest.xml:4:22-69
12    <uses-permission android:name="android.permission.USE_FINGERPRINT" />
12-->[androidx.biometric:biometric:1.0.1] AndroidManifest.xml:25:5-74
12-->[androidx.biometric:biometric:1.0.1] AndroidManifest.xml:25:22-71
13
14    <application
14-->src\main\AndroidManifest.xml:5:5-23:19
15        android:allowBackup="true"
15-->src\main\AndroidManifest.xml:6:9-35
16        android:appComponentFactory="androidx.core.app.CoreComponentFactory"
16-->[androidx.core:core:1.3.1] AndroidManifest.xml:24:18-86
17        android:debuggable="true"
18        android:extractNativeLibs="false"
19        android:icon="@mipmap/ic_launcher"
19-->src\main\AndroidManifest.xml:7:9-43
20        android:label="@string/app_name"
20-->src\main\AndroidManifest.xml:8:9-41
21        android:roundIcon="@mipmap/ic_launcher_round"
21-->src\main\AndroidManifest.xml:9:9-54
22        android:supportsRtl="true"
22-->src\main\AndroidManifest.xml:10:9-35
23        android:testOnly="true"
24        android:theme="@style/Theme.MildlySecureNotepad" >
24-->src\main\AndroidManifest.xml:11:9-57
25        <activity android:name="com.robert.mildlysecurenotepadfp.StartActivity" >
25-->src\main\AndroidManifest.xml:12:9-18:20
25-->src\main\AndroidManifest.xml:12:19-80
26            <intent-filter>
26-->src\main\AndroidManifest.xml:13:13-17:29
27                <action android:name="android.intent.action.MAIN" />
27-->src\main\AndroidManifest.xml:14:17-69
27-->src\main\AndroidManifest.xml:14:25-66
28
29                <category android:name="android.intent.category.LAUNCHER" />
29-->src\main\AndroidManifest.xml:16:17-77
29-->src\main\AndroidManifest.xml:16:27-74
30            </intent-filter>
31        </activity>
32        <activity android:name="com.robert.mildlysecurenotepadfp.CreatePasswordActivity" />
32-->src\main\AndroidManifest.xml:19:9-60
32-->src\main\AndroidManifest.xml:19:19-57
33        <activity android:name="com.robert.mildlysecurenotepadfp.LogInActivity" />
33-->src\main\AndroidManifest.xml:20:9-83
33-->src\main\AndroidManifest.xml:20:19-80
34        <activity android:name="com.robert.mildlysecurenotepadfp.NotepadActivity" />
34-->src\main\AndroidManifest.xml:21:9-85
34-->src\main\AndroidManifest.xml:21:19-82
35        <activity android:name="com.robert.mildlysecurenotepadfp.MainActivity" />
35-->src\main\AndroidManifest.xml:22:9-82
35-->src\main\AndroidManifest.xml:22:19-79
36        <activity
36-->[androidx.biometric:biometric:1.0.1] AndroidManifest.xml:28:9-31:67
37            android:name="androidx.biometric.DeviceCredentialHandlerActivity"
37-->[androidx.biometric:biometric:1.0.1] AndroidManifest.xml:29:13-78
38            android:exported="true"
38-->[androidx.biometric:biometric:1.0.1] AndroidManifest.xml:30:13-36
39            android:theme="@style/DeviceCredentialHandlerTheme" />
39-->[androidx.biometric:biometric:1.0.1] AndroidManifest.xml:31:13-64
40    </application>
41
42</manifest>